<?xml version="1.0" encoding="UTF-8"?>
<!-- Generated by org.testng.reporters.JUnitReportReporter -->
<testsuite hostname="LIN76001907" failures="0" tests="4" name="org.tests.FashionTopTest" time="84.098" errors="0" timestamp="2021-05-27T00:03:20 IST" skipped="0">
  <testcase classname="org.tests.FashionTopTest" name="price_limit" time="28.086"/>
  <system-out/>
  <testcase classname="org.tests.FashionTopTest" name="Branding" time="15.637"/>
  <system-out/>
  <testcase classname="org.tests.FashionTopTest" name="B_Rating" time="19.676"/>
  <system-out/>
  <testcase classname="org.tests.FashionTopTest" name="Select_Prod1" time="20.699"/>
  <system-out/>
</testsuite> <!-- org.tests.FashionTopTest -->
