<?xml version="1.0" encoding="UTF-8"?>
<!-- Generated by org.testng.reporters.JUnitReportReporter -->
<testsuite hostname="LIN76001907" failures="0" tests="6" name="org.tests.MouseHoverSafetyTest" time="126.749" errors="0" timestamp="2021-05-27T00:03:20 IST" skipped="0">
  <testcase classname="org.tests.MouseHoverSafetyTest" name="ValidateResulttitle" time="22.705"/>
  <system-out/>
  <testcase classname="org.tests.MouseHoverSafetyTest" name="ItemImg" time="18.984"/>
  <system-out/>
  <testcase classname="org.tests.MouseHoverSafetyTest" name="printPrice" time="19.666"/>
  <system-out/>
  <testcase classname="org.tests.MouseHoverSafetyTest" name="pin_code" time="20.271"/>
  <system-out/>
  <testcase classname="org.tests.MouseHoverSafetyTest" name="add_to_cart" time="20.962"/>
  <system-out/>
  <testcase classname="org.tests.MouseHoverSafetyTest" name="buy_Now" time="24.161"/>
  <system-out/>
</testsuite> <!-- org.tests.MouseHoverSafetyTest -->
