<?xml version="1.0" encoding="UTF-8"?>
<!-- Generated by org.testng.reporters.JUnitReportReporter -->
<testsuite hostname="LIN76001907" failures="0" tests="4" name="org.tests.FashionFootTest" time="103.795" errors="0" timestamp="2021-05-27T00:03:20 IST" skipped="0">
  <testcase classname="org.tests.FashionFootTest" name="price_limit" time="20.341"/>
  <system-out/>
  <testcase classname="org.tests.FashionFootTest" name="Branding" time="25.237"/>
  <system-out/>
  <testcase classname="org.tests.FashionFootTest" name="Select_Prod" time="25.686"/>
  <system-out/>
  <testcase classname="org.tests.FashionFootTest" name="ProductSelect" time="32.531"/>
  <system-out/>
</testsuite> <!-- org.tests.FashionFootTest -->
