<?xml version="1.0" encoding="UTF-8"?>
<!-- Generated by org.testng.reporters.JUnitReportReporter -->
<testsuite hostname="LIN76001907" failures="0" tests="6" name="org.tests.LoginTest" time="68.773" errors="0" timestamp="2021-05-27T00:03:20 IST" skipped="0">
  <testcase classname="org.tests.LoginTest" name="LoginpageTitle" time="7.781"/>
  <system-out/>
  <testcase classname="org.tests.LoginTest" name="validateLogo" time="11.114"/>
  <system-out/>
  <testcase classname="org.tests.LoginTest" name="login_with_valid_vals" time="11.146"/>
  <system-out/>
  <testcase classname="org.tests.LoginTest" name="login_with_invalid_vals" time="14.882"/>
  <system-out/>
  <testcase classname="org.tests.LoginTest" name="forgot_pass" time="12.809"/>
  <system-out/>
  <testcase classname="org.tests.LoginTest" name="create_Account" time="11.041"/>
  <system-out/>
</testsuite> <!-- org.tests.LoginTest -->
