<?xml version="1.0" encoding="UTF-8"?>
<!-- Generated by org.testng.reporters.JUnitReportReporter -->
<testsuite hostname="LIN76001907" failures="0" tests="9" name="org.tests.HomePageTest" time="100.817" errors="0" timestamp="2021-05-27T00:03:20 IST" skipped="0">
  <testcase classname="org.tests.HomePageTest" name="LoginpageTitle" time="8.403"/>
  <system-out/>
  <testcase classname="org.tests.HomePageTest" name="validateLogo" time="7.821"/>
  <system-out/>
  <testcase classname="org.tests.HomePageTest" name="searchbox" time="8.501"/>
  <system-out/>
  <testcase classname="org.tests.HomePageTest" name="MobileOptionsClick" time="19.401"/>
  <system-out/>
  <testcase classname="org.tests.HomePageTest" name="cartBtns" time="9.008"/>
  <system-out/>
  <testcase classname="org.tests.HomePageTest" name="my_account" time="12.043"/>
  <system-out/>
  <testcase classname="org.tests.HomePageTest" name="more" time="9.240"/>
  <system-out/>
  <testcase classname="org.tests.HomePageTest" name="cartClick" time="11.959"/>
  <system-out/>
  <testcase classname="org.tests.HomePageTest" name="sreach" time="14.441"/>
  <system-out/>
</testsuite> <!-- org.tests.HomePageTest -->
