<?xml version="1.0" encoding="UTF-8"?>
<!-- Generated by org.testng.reporters.JUnitReportReporter -->
<testsuite hostname="LIN76001907" failures="0" tests="10" name="org.tests.SearchTest" time="77.958" errors="0" timestamp="2021-05-27T00:03:20 IST" skipped="0">
  <testcase classname="org.tests.SearchTest" name="max_vals" time="18.508"/>
  <system-out/>
  <testcase classname="org.tests.SearchTest" name="min_vals" time="18.503"/>
  <system-out/>
  <testcase classname="org.tests.SearchTest" name="sreachPageTitle" time="6.027"/>
  <system-out/>
  <testcase classname="org.tests.SearchTest" name="assured_flipkart" time="3.150"/>
  <system-out/>
  <testcase classname="org.tests.SearchTest" name="brand_dropdown" time="9.367"/>
  <system-out/>
  <testcase classname="org.tests.SearchTest" name="customer_ratings" time="9.230"/>
  <system-out/>
  <testcase classname="org.tests.SearchTest" name="internal_store" time="0.026"/>
  <system-out/>
  <testcase classname="org.tests.SearchTest" name="battery_Capacity" time="0.038"/>
  <system-out/>
  <testcase classname="org.tests.SearchTest" name="number_Product" time="6.107"/>
  <system-out/>
  <testcase classname="org.tests.SearchTest" name="sel_Product" time="7.002"/>
  <system-out/>
</testsuite> <!-- org.tests.SearchTest -->
