<?xml version="1.0" encoding="UTF-8"?>
<!-- Generated by org.testng.reporters.JUnitReportReporter -->
<testsuite hostname="LIN76001907" failures="0" tests="8" name="org.tests.BookSearchTest" time="277.860" errors="0" timestamp="2021-05-27T00:03:20 IST" skipped="0">
  <testcase classname="org.tests.BookSearchTest" name="sreachPageTitle" time="23.872"/>
  <system-out/>
  <testcase classname="org.tests.BookSearchTest" name="Printres" time="69.235"/>
  <system-out/>
  <testcase classname="org.tests.BookSearchTest" name="sort" time="21.761"/>
  <system-out/>
  <testcase classname="org.tests.BookSearchTest" name="Lang" time="26.915"/>
  <system-out/>
  <testcase classname="org.tests.BookSearchTest" name="customer_ratings" time="29.423"/>
  <system-out/>
  <testcase classname="org.tests.BookSearchTest" name="price" time="20.629"/>
  <system-out/>
  <testcase classname="org.tests.BookSearchTest" name="CategotySelect" time="28.337"/>
  <system-out/>
  <testcase classname="org.tests.BookSearchTest" name="Filters" time="57.688"/>
  <system-out/>
</testsuite> <!-- org.tests.BookSearchTest -->
