<?xml version="1.0" encoding="UTF-8"?>
<!-- Generated by org.testng.reporters.JUnitReportReporter -->
<testsuite hostname="LIN76001907" failures="0" tests="6" name="org.tests.MouseOverTest" time="177.294" errors="0" timestamp="2021-05-26T16:42:55 IST" skipped="0">
  <testcase classname="org.tests.MouseOverTest" name="ValidateResulttitle" time="27.386"/>
  <system-out/>
  <testcase classname="org.tests.MouseOverTest" name="ItemImg" time="29.792"/>
  <system-out/>
  <testcase classname="org.tests.MouseOverTest" name="printPrice" time="24.649"/>
  <system-out/>
  <testcase classname="org.tests.MouseOverTest" name="pin_code" time="36.494"/>
  <system-out/>
  <testcase classname="org.tests.MouseOverTest" name="add_to_cart" time="27.198"/>
  <system-out/>
  <testcase classname="org.tests.MouseOverTest" name="buy_Now" time="31.775"/>
  <system-out/>
</testsuite> <!-- org.tests.MouseOverTest -->
